<?xml version="1.0" encoding="UTF-8"?>
<testsuite xmlns:xsi="http://www.w3.org/2001/XMLSchema-instance" xsi:noNamespaceSchemaLocation="https://maven.apache.org/surefire/maven-surefire-plugin/xsd/surefire-test-report.xsd" version="3.0.1" name="TS_OrangeHRM_Authentication_JUnit" time="58.542" tests="4" errors="0" skipped="0" failures="1">
  <properties>
    <property name="java.specification.version" value="21"/>
    <property name="webdriver.chrome.driver" value="/Users/niyomubyeyialine/.cache/selenium/chromedriver/mac-arm64/126.0.6478.182/chromedriver"/>
    <property name="sun.jnu.encoding" value="UTF-8"/>
    <property name="java.class.path" value="/Users/niyomubyeyialine/Documents/Development/Automation/Automation-Projects/Automation-JAV-OrangeHRM-Aline/target/test-classes:/Users/niyomubyeyialine/Documents/Development/Automation/Automation-Projects/Automation-JAV-OrangeHRM-Aline/target/classes:/Users/niyomubyeyialine/.m2/repository/org/seleniumhq/selenium/selenium-java/4.22.0/selenium-java-4.22.0.jar:/Users/niyomubyeyialine/.m2/repository/org/seleniumhq/selenium/selenium-api/4.22.0/selenium-api-4.22.0.jar:/Users/niyomubyeyialine/.m2/repository/org/seleniumhq/selenium/selenium-chrome-driver/4.22.0/selenium-chrome-driver-4.22.0.jar:/Users/niyomubyeyialine/.m2/repository/com/google/auto/service/auto-service-annotations/1.1.1/auto-service-annotations-1.1.1.jar:/Users/niyomubyeyialine/.m2/repository/org/seleniumhq/selenium/selenium-chromium-driver/4.22.0/selenium-chromium-driver-4.22.0.jar:/Users/niyomubyeyialine/.m2/repository/org/seleniumhq/selenium/selenium-json/4.22.0/selenium-json-4.22.0.jar:/Users/niyomubyeyialine/.m2/repository/org/seleniumhq/selenium/selenium-manager/4.22.0/selenium-manager-4.22.0.jar:/Users/niyomubyeyialine/.m2/repository/org/seleniumhq/selenium/selenium-devtools-v124/4.22.0/selenium-devtools-v124-4.22.0.jar:/Users/niyomubyeyialine/.m2/repository/org/seleniumhq/selenium/selenium-devtools-v125/4.22.0/selenium-devtools-v125-4.22.0.jar:/Users/niyomubyeyialine/.m2/repository/org/seleniumhq/selenium/selenium-devtools-v126/4.22.0/selenium-devtools-v126-4.22.0.jar:/Users/niyomubyeyialine/.m2/repository/org/seleniumhq/selenium/selenium-devtools-v85/4.22.0/selenium-devtools-v85-4.22.0.jar:/Users/niyomubyeyialine/.m2/repository/org/seleniumhq/selenium/selenium-edge-driver/4.22.0/selenium-edge-driver-4.22.0.jar:/Users/niyomubyeyialine/.m2/repository/org/seleniumhq/selenium/selenium-firefox-driver/4.22.0/selenium-firefox-driver-4.22.0.jar:/Users/niyomubyeyialine/.m2/repository/org/seleniumhq/selenium/selenium-http/4.22.0/selenium-http-4.22.0.jar:/Users/niyomubyeyialine/.m2/repository/dev/failsafe/failsafe/3.3.2/failsafe-3.3.2.jar:/Users/niyomubyeyialine/.m2/repository/org/seleniumhq/selenium/selenium-ie-driver/4.22.0/selenium-ie-driver-4.22.0.jar:/Users/niyomubyeyialine/.m2/repository/org/seleniumhq/selenium/selenium-remote-driver/4.22.0/selenium-remote-driver-4.22.0.jar:/Users/niyomubyeyialine/.m2/repository/com/google/guava/guava/33.2.1-jre/guava-33.2.1-jre.jar:/Users/niyomubyeyialine/.m2/repository/com/google/guava/failureaccess/1.0.2/failureaccess-1.0.2.jar:/Users/niyomubyeyialine/.m2/repository/com/google/guava/listenablefuture/9999.0-empty-to-avoid-conflict-with-guava/listenablefuture-9999.0-empty-to-avoid-conflict-with-guava.jar:/Users/niyomubyeyialine/.m2/repository/com/google/code/findbugs/jsr305/3.0.2/jsr305-3.0.2.jar:/Users/niyomubyeyialine/.m2/repository/org/checkerframework/checker-qual/3.42.0/checker-qual-3.42.0.jar:/Users/niyomubyeyialine/.m2/repository/com/google/j2objc/j2objc-annotations/3.0.0/j2objc-annotations-3.0.0.jar:/Users/niyomubyeyialine/.m2/repository/io/opentelemetry/semconv/opentelemetry-semconv/1.25.0-alpha/opentelemetry-semconv-1.25.0-alpha.jar:/Users/niyomubyeyialine/.m2/repository/io/opentelemetry/opentelemetry-api/1.39.0/opentelemetry-api-1.39.0.jar:/Users/niyomubyeyialine/.m2/repository/io/opentelemetry/opentelemetry-context/1.39.0/opentelemetry-context-1.39.0.jar:/Users/niyomubyeyialine/.m2/repository/io/opentelemetry/opentelemetry-exporter-logging/1.39.0/opentelemetry-exporter-logging-1.39.0.jar:/Users/niyomubyeyialine/.m2/repository/io/opentelemetry/opentelemetry-sdk-common/1.39.0/opentelemetry-sdk-common-1.39.0.jar:/Users/niyomubyeyialine/.m2/repository/io/opentelemetry/opentelemetry-sdk-extension-autoconfigure-spi/1.39.0/opentelemetry-sdk-extension-autoconfigure-spi-1.39.0.jar:/Users/niyomubyeyialine/.m2/repository/io/opentelemetry/opentelemetry-sdk-extension-autoconfigure/1.39.0/opentelemetry-sdk-extension-autoconfigure-1.39.0.jar:/Users/niyomubyeyialine/.m2/repository/io/opentelemetry/opentelemetry-api-incubator/1.39.0-alpha/opentelemetry-api-incubator-1.39.0-alpha.jar:/Users/niyomubyeyialine/.m2/repository/io/opentelemetry/opentelemetry-sdk-trace/1.39.0/opentelemetry-sdk-trace-1.39.0.jar:/Users/niyomubyeyialine/.m2/repository/io/opentelemetry/opentelemetry-sdk/1.39.0/opentelemetry-sdk-1.39.0.jar:/Users/niyomubyeyialine/.m2/repository/io/opentelemetry/opentelemetry-sdk-metrics/1.39.0/opentelemetry-sdk-metrics-1.39.0.jar:/Users/niyomubyeyialine/.m2/repository/io/opentelemetry/opentelemetry-sdk-logs/1.39.0/opentelemetry-sdk-logs-1.39.0.jar:/Users/niyomubyeyialine/.m2/repository/org/seleniumhq/selenium/selenium-os/4.22.0/selenium-os-4.22.0.jar:/Users/niyomubyeyialine/.m2/repository/org/apache/commons/commons-exec/1.4.0/commons-exec-1.4.0.jar:/Users/niyomubyeyialine/.m2/repository/org/seleniumhq/selenium/selenium-safari-driver/4.22.0/selenium-safari-driver-4.22.0.jar:/Users/niyomubyeyialine/.m2/repository/org/seleniumhq/selenium/selenium-support/4.22.0/selenium-support-4.22.0.jar:/Users/niyomubyeyialine/.m2/repository/org/junit/jupiter/junit-jupiter-engine/5.10.2/junit-jupiter-engine-5.10.2.jar:/Users/niyomubyeyialine/.m2/repository/org/junit/platform/junit-platform-engine/1.10.2/junit-platform-engine-1.10.2.jar:/Users/niyomubyeyialine/.m2/repository/org/apiguardian/apiguardian-api/1.1.2/apiguardian-api-1.1.2.jar:/Users/niyomubyeyialine/.m2/repository/org/junit/jupiter/junit-jupiter-api/5.10.2/junit-jupiter-api-5.10.2.jar:/Users/niyomubyeyialine/.m2/repository/org/opentest4j/opentest4j/1.3.0/opentest4j-1.3.0.jar:/Users/niyomubyeyialine/.m2/repository/org/junit/platform/junit-platform-commons/1.10.2/junit-platform-commons-1.10.2.jar:/Users/niyomubyeyialine/.m2/repository/org/junit/jupiter/junit-jupiter-params/5.10.2/junit-jupiter-params-5.10.2.jar:/Users/niyomubyeyialine/.m2/repository/org/apache/maven/maven-model/3.9.8/maven-model-3.9.8.jar:/Users/niyomubyeyialine/.m2/repository/org/codehaus/plexus/plexus-utils/3.5.1/plexus-utils-3.5.1.jar:/Users/niyomubyeyialine/.m2/repository/io/qameta/allure/allure-junit5/2.27.0/allure-junit5-2.27.0.jar:/Users/niyomubyeyialine/.m2/repository/io/qameta/allure/allure-junit-platform/2.27.0/allure-junit-platform-2.27.0.jar:/Users/niyomubyeyialine/.m2/repository/io/qameta/allure/allure-java-commons/2.27.0/allure-java-commons-2.27.0.jar:/Users/niyomubyeyialine/.m2/repository/io/qameta/allure/allure-model/2.27.0/allure-model-2.27.0.jar:/Users/niyomubyeyialine/.m2/repository/io/qameta/allure/allure-test-filter/2.27.0/allure-test-filter-2.27.0.jar:/Users/niyomubyeyialine/.m2/repository/org/junit/platform/junit-platform-launcher/1.9.2/junit-platform-launcher-1.9.2.jar:/Users/niyomubyeyialine/.m2/repository/ch/qos/logback/logback-classic/1.5.6/logback-classic-1.5.6.jar:/Users/niyomubyeyialine/.m2/repository/ch/qos/logback/logback-core/1.5.6/logback-core-1.5.6.jar:/Users/niyomubyeyialine/.m2/repository/org/slf4j/slf4j-api/2.0.13/slf4j-api-2.0.13.jar:/Users/niyomubyeyialine/.m2/repository/io/github/bonigarcia/webdrivermanager/5.9.1/webdrivermanager-5.9.1.jar:/Users/niyomubyeyialine/.m2/repository/com/google/code/gson/gson/2.11.0/gson-2.11.0.jar:/Users/niyomubyeyialine/.m2/repository/com/google/errorprone/error_prone_annotations/2.27.0/error_prone_annotations-2.27.0.jar:/Users/niyomubyeyialine/.m2/repository/com/github/docker-java/docker-java/3.3.6/docker-java-3.3.6.jar:/Users/niyomubyeyialine/.m2/repository/com/github/docker-java/docker-java-core/3.3.6/docker-java-core-3.3.6.jar:/Users/niyomubyeyialine/.m2/repository/com/github/docker-java/docker-java-api/3.3.6/docker-java-api-3.3.6.jar:/Users/niyomubyeyialine/.m2/repository/com/fasterxml/jackson/core/jackson-annotations/2.10.3/jackson-annotations-2.10.3.jar:/Users/niyomubyeyialine/.m2/repository/com/fasterxml/jackson/core/jackson-databind/2.10.3/jackson-databind-2.10.3.jar:/Users/niyomubyeyialine/.m2/repository/com/fasterxml/jackson/core/jackson-core/2.10.3/jackson-core-2.10.3.jar:/Users/niyomubyeyialine/.m2/repository/org/slf4j/jcl-over-slf4j/1.7.30/jcl-over-slf4j-1.7.30.jar:/Users/niyomubyeyialine/.m2/repository/com/github/docker-java/docker-java-transport-httpclient5/3.3.6/docker-java-transport-httpclient5-3.3.6.jar:/Users/niyomubyeyialine/.m2/repository/com/github/docker-java/docker-java-transport/3.3.6/docker-java-transport-3.3.6.jar:/Users/niyomubyeyialine/.m2/repository/net/java/dev/jna/jna/5.13.0/jna-5.13.0.jar:/Users/niyomubyeyialine/.m2/repository/org/brotli/dec/0.1.2/dec-0.1.2.jar:/Users/niyomubyeyialine/.m2/repository/org/apache/commons/commons-lang3/3.14.0/commons-lang3-3.14.0.jar:/Users/niyomubyeyialine/.m2/repository/org/apache/commons/commons-compress/1.26.2/commons-compress-1.26.2.jar:/Users/niyomubyeyialine/.m2/repository/commons-codec/commons-codec/1.17.0/commons-codec-1.17.0.jar:/Users/niyomubyeyialine/.m2/repository/commons-io/commons-io/2.16.1/commons-io-2.16.1.jar:/Users/niyomubyeyialine/.m2/repository/org/apache/httpcomponents/client5/httpclient5/5.2.1/httpclient5-5.2.1.jar:/Users/niyomubyeyialine/.m2/repository/org/apache/httpcomponents/core5/httpcore5/5.2/httpcore5-5.2.jar:/Users/niyomubyeyialine/.m2/repository/org/apache/httpcomponents/core5/httpcore5-h2/5.2/httpcore5-h2-5.2.jar:/Users/niyomubyeyialine/.m2/repository/org/mockito/mockito-core/5.12.0/mockito-core-5.12.0.jar:/Users/niyomubyeyialine/.m2/repository/net/bytebuddy/byte-buddy/1.14.15/byte-buddy-1.14.15.jar:/Users/niyomubyeyialine/.m2/repository/net/bytebuddy/byte-buddy-agent/1.14.15/byte-buddy-agent-1.14.15.jar:/Users/niyomubyeyialine/.m2/repository/org/objenesis/objenesis/3.3/objenesis-3.3.jar:/Users/niyomubyeyialine/.m2/repository/org/mockito/mockito-junit-jupiter/5.12.0/mockito-junit-jupiter-5.12.0.jar:"/>
    <property name="java.vm.vendor" value="Homebrew"/>
    <property name="sun.arch.data.model" value="64"/>
    <property name="java.vendor.url" value="https://github.com/Homebrew/homebrew-core/issues"/>
    <property name="user.timezone" value="Africa/Kigali"/>
    <property name="os.name" value="Mac OS X"/>
    <property name="java.vm.specification.version" value="21"/>
    <property name="sun.java.launcher" value="SUN_STANDARD"/>
    <property name="user.country" value="US"/>
    <property name="sun.boot.library.path" value="/opt/homebrew/Cellar/openjdk/21.0.3/libexec/openjdk.jdk/Contents/Home/lib"/>
    <property name="sun.java.command" value="/Users/niyomubyeyialine/Documents/Development/Automation/Automation-Projects/Automation-JAV-OrangeHRM-Aline/target/surefire/surefirebooter-20240721120603223_3.jar /Users/niyomubyeyialine/Documents/Development/Automation/Automation-Projects/Automation-JAV-OrangeHRM-Aline/target/surefire 2024-07-21T12-06-03_173-jvmRun1 surefire-20240721120603223_1tmp surefire_0-20240721120603223_2tmp"/>
    <property name="http.nonProxyHosts" value="local|*.local|169.254/16|*.169.254/16"/>
    <property name="jdk.debug" value="release"/>
    <property name="surefire.test.class.path" value="/Users/niyomubyeyialine/Documents/Development/Automation/Automation-Projects/Automation-JAV-OrangeHRM-Aline/target/test-classes:/Users/niyomubyeyialine/Documents/Development/Automation/Automation-Projects/Automation-JAV-OrangeHRM-Aline/target/classes:/Users/niyomubyeyialine/.m2/repository/org/seleniumhq/selenium/selenium-java/4.22.0/selenium-java-4.22.0.jar:/Users/niyomubyeyialine/.m2/repository/org/seleniumhq/selenium/selenium-api/4.22.0/selenium-api-4.22.0.jar:/Users/niyomubyeyialine/.m2/repository/org/seleniumhq/selenium/selenium-chrome-driver/4.22.0/selenium-chrome-driver-4.22.0.jar:/Users/niyomubyeyialine/.m2/repository/com/google/auto/service/auto-service-annotations/1.1.1/auto-service-annotations-1.1.1.jar:/Users/niyomubyeyialine/.m2/repository/org/seleniumhq/selenium/selenium-chromium-driver/4.22.0/selenium-chromium-driver-4.22.0.jar:/Users/niyomubyeyialine/.m2/repository/org/seleniumhq/selenium/selenium-json/4.22.0/selenium-json-4.22.0.jar:/Users/niyomubyeyialine/.m2/repository/org/seleniumhq/selenium/selenium-manager/4.22.0/selenium-manager-4.22.0.jar:/Users/niyomubyeyialine/.m2/repository/org/seleniumhq/selenium/selenium-devtools-v124/4.22.0/selenium-devtools-v124-4.22.0.jar:/Users/niyomubyeyialine/.m2/repository/org/seleniumhq/selenium/selenium-devtools-v125/4.22.0/selenium-devtools-v125-4.22.0.jar:/Users/niyomubyeyialine/.m2/repository/org/seleniumhq/selenium/selenium-devtools-v126/4.22.0/selenium-devtools-v126-4.22.0.jar:/Users/niyomubyeyialine/.m2/repository/org/seleniumhq/selenium/selenium-devtools-v85/4.22.0/selenium-devtools-v85-4.22.0.jar:/Users/niyomubyeyialine/.m2/repository/org/seleniumhq/selenium/selenium-edge-driver/4.22.0/selenium-edge-driver-4.22.0.jar:/Users/niyomubyeyialine/.m2/repository/org/seleniumhq/selenium/selenium-firefox-driver/4.22.0/selenium-firefox-driver-4.22.0.jar:/Users/niyomubyeyialine/.m2/repository/org/seleniumhq/selenium/selenium-http/4.22.0/selenium-http-4.22.0.jar:/Users/niyomubyeyialine/.m2/repository/dev/failsafe/failsafe/3.3.2/failsafe-3.3.2.jar:/Users/niyomubyeyialine/.m2/repository/org/seleniumhq/selenium/selenium-ie-driver/4.22.0/selenium-ie-driver-4.22.0.jar:/Users/niyomubyeyialine/.m2/repository/org/seleniumhq/selenium/selenium-remote-driver/4.22.0/selenium-remote-driver-4.22.0.jar:/Users/niyomubyeyialine/.m2/repository/com/google/guava/guava/33.2.1-jre/guava-33.2.1-jre.jar:/Users/niyomubyeyialine/.m2/repository/com/google/guava/failureaccess/1.0.2/failureaccess-1.0.2.jar:/Users/niyomubyeyialine/.m2/repository/com/google/guava/listenablefuture/9999.0-empty-to-avoid-conflict-with-guava/listenablefuture-9999.0-empty-to-avoid-conflict-with-guava.jar:/Users/niyomubyeyialine/.m2/repository/com/google/code/findbugs/jsr305/3.0.2/jsr305-3.0.2.jar:/Users/niyomubyeyialine/.m2/repository/org/checkerframework/checker-qual/3.42.0/checker-qual-3.42.0.jar:/Users/niyomubyeyialine/.m2/repository/com/google/j2objc/j2objc-annotations/3.0.0/j2objc-annotations-3.0.0.jar:/Users/niyomubyeyialine/.m2/repository/io/opentelemetry/semconv/opentelemetry-semconv/1.25.0-alpha/opentelemetry-semconv-1.25.0-alpha.jar:/Users/niyomubyeyialine/.m2/repository/io/opentelemetry/opentelemetry-api/1.39.0/opentelemetry-api-1.39.0.jar:/Users/niyomubyeyialine/.m2/repository/io/opentelemetry/opentelemetry-context/1.39.0/opentelemetry-context-1.39.0.jar:/Users/niyomubyeyialine/.m2/repository/io/opentelemetry/opentelemetry-exporter-logging/1.39.0/opentelemetry-exporter-logging-1.39.0.jar:/Users/niyomubyeyialine/.m2/repository/io/opentelemetry/opentelemetry-sdk-common/1.39.0/opentelemetry-sdk-common-1.39.0.jar:/Users/niyomubyeyialine/.m2/repository/io/opentelemetry/opentelemetry-sdk-extension-autoconfigure-spi/1.39.0/opentelemetry-sdk-extension-autoconfigure-spi-1.39.0.jar:/Users/niyomubyeyialine/.m2/repository/io/opentelemetry/opentelemetry-sdk-extension-autoconfigure/1.39.0/opentelemetry-sdk-extension-autoconfigure-1.39.0.jar:/Users/niyomubyeyialine/.m2/repository/io/opentelemetry/opentelemetry-api-incubator/1.39.0-alpha/opentelemetry-api-incubator-1.39.0-alpha.jar:/Users/niyomubyeyialine/.m2/repository/io/opentelemetry/opentelemetry-sdk-trace/1.39.0/opentelemetry-sdk-trace-1.39.0.jar:/Users/niyomubyeyialine/.m2/repository/io/opentelemetry/opentelemetry-sdk/1.39.0/opentelemetry-sdk-1.39.0.jar:/Users/niyomubyeyialine/.m2/repository/io/opentelemetry/opentelemetry-sdk-metrics/1.39.0/opentelemetry-sdk-metrics-1.39.0.jar:/Users/niyomubyeyialine/.m2/repository/io/opentelemetry/opentelemetry-sdk-logs/1.39.0/opentelemetry-sdk-logs-1.39.0.jar:/Users/niyomubyeyialine/.m2/repository/org/seleniumhq/selenium/selenium-os/4.22.0/selenium-os-4.22.0.jar:/Users/niyomubyeyialine/.m2/repository/org/apache/commons/commons-exec/1.4.0/commons-exec-1.4.0.jar:/Users/niyomubyeyialine/.m2/repository/org/seleniumhq/selenium/selenium-safari-driver/4.22.0/selenium-safari-driver-4.22.0.jar:/Users/niyomubyeyialine/.m2/repository/org/seleniumhq/selenium/selenium-support/4.22.0/selenium-support-4.22.0.jar:/Users/niyomubyeyialine/.m2/repository/org/junit/jupiter/junit-jupiter-engine/5.10.2/junit-jupiter-engine-5.10.2.jar:/Users/niyomubyeyialine/.m2/repository/org/junit/platform/junit-platform-engine/1.10.2/junit-platform-engine-1.10.2.jar:/Users/niyomubyeyialine/.m2/repository/org/apiguardian/apiguardian-api/1.1.2/apiguardian-api-1.1.2.jar:/Users/niyomubyeyialine/.m2/repository/org/junit/jupiter/junit-jupiter-api/5.10.2/junit-jupiter-api-5.10.2.jar:/Users/niyomubyeyialine/.m2/repository/org/opentest4j/opentest4j/1.3.0/opentest4j-1.3.0.jar:/Users/niyomubyeyialine/.m2/repository/org/junit/platform/junit-platform-commons/1.10.2/junit-platform-commons-1.10.2.jar:/Users/niyomubyeyialine/.m2/repository/org/junit/jupiter/junit-jupiter-params/5.10.2/junit-jupiter-params-5.10.2.jar:/Users/niyomubyeyialine/.m2/repository/org/apache/maven/maven-model/3.9.8/maven-model-3.9.8.jar:/Users/niyomubyeyialine/.m2/repository/org/codehaus/plexus/plexus-utils/3.5.1/plexus-utils-3.5.1.jar:/Users/niyomubyeyialine/.m2/repository/io/qameta/allure/allure-junit5/2.27.0/allure-junit5-2.27.0.jar:/Users/niyomubyeyialine/.m2/repository/io/qameta/allure/allure-junit-platform/2.27.0/allure-junit-platform-2.27.0.jar:/Users/niyomubyeyialine/.m2/repository/io/qameta/allure/allure-java-commons/2.27.0/allure-java-commons-2.27.0.jar:/Users/niyomubyeyialine/.m2/repository/io/qameta/allure/allure-model/2.27.0/allure-model-2.27.0.jar:/Users/niyomubyeyialine/.m2/repository/io/qameta/allure/allure-test-filter/2.27.0/allure-test-filter-2.27.0.jar:/Users/niyomubyeyialine/.m2/repository/org/junit/platform/junit-platform-launcher/1.9.2/junit-platform-launcher-1.9.2.jar:/Users/niyomubyeyialine/.m2/repository/ch/qos/logback/logback-classic/1.5.6/logback-classic-1.5.6.jar:/Users/niyomubyeyialine/.m2/repository/ch/qos/logback/logback-core/1.5.6/logback-core-1.5.6.jar:/Users/niyomubyeyialine/.m2/repository/org/slf4j/slf4j-api/2.0.13/slf4j-api-2.0.13.jar:/Users/niyomubyeyialine/.m2/repository/io/github/bonigarcia/webdrivermanager/5.9.1/webdrivermanager-5.9.1.jar:/Users/niyomubyeyialine/.m2/repository/com/google/code/gson/gson/2.11.0/gson-2.11.0.jar:/Users/niyomubyeyialine/.m2/repository/com/google/errorprone/error_prone_annotations/2.27.0/error_prone_annotations-2.27.0.jar:/Users/niyomubyeyialine/.m2/repository/com/github/docker-java/docker-java/3.3.6/docker-java-3.3.6.jar:/Users/niyomubyeyialine/.m2/repository/com/github/docker-java/docker-java-core/3.3.6/docker-java-core-3.3.6.jar:/Users/niyomubyeyialine/.m2/repository/com/github/docker-java/docker-java-api/3.3.6/docker-java-api-3.3.6.jar:/Users/niyomubyeyialine/.m2/repository/com/fasterxml/jackson/core/jackson-annotations/2.10.3/jackson-annotations-2.10.3.jar:/Users/niyomubyeyialine/.m2/repository/com/fasterxml/jackson/core/jackson-databind/2.10.3/jackson-databind-2.10.3.jar:/Users/niyomubyeyialine/.m2/repository/com/fasterxml/jackson/core/jackson-core/2.10.3/jackson-core-2.10.3.jar:/Users/niyomubyeyialine/.m2/repository/org/slf4j/jcl-over-slf4j/1.7.30/jcl-over-slf4j-1.7.30.jar:/Users/niyomubyeyialine/.m2/repository/com/github/docker-java/docker-java-transport-httpclient5/3.3.6/docker-java-transport-httpclient5-3.3.6.jar:/Users/niyomubyeyialine/.m2/repository/com/github/docker-java/docker-java-transport/3.3.6/docker-java-transport-3.3.6.jar:/Users/niyomubyeyialine/.m2/repository/net/java/dev/jna/jna/5.13.0/jna-5.13.0.jar:/Users/niyomubyeyialine/.m2/repository/org/brotli/dec/0.1.2/dec-0.1.2.jar:/Users/niyomubyeyialine/.m2/repository/org/apache/commons/commons-lang3/3.14.0/commons-lang3-3.14.0.jar:/Users/niyomubyeyialine/.m2/repository/org/apache/commons/commons-compress/1.26.2/commons-compress-1.26.2.jar:/Users/niyomubyeyialine/.m2/repository/commons-codec/commons-codec/1.17.0/commons-codec-1.17.0.jar:/Users/niyomubyeyialine/.m2/repository/commons-io/commons-io/2.16.1/commons-io-2.16.1.jar:/Users/niyomubyeyialine/.m2/repository/org/apache/httpcomponents/client5/httpclient5/5.2.1/httpclient5-5.2.1.jar:/Users/niyomubyeyialine/.m2/repository/org/apache/httpcomponents/core5/httpcore5/5.2/httpcore5-5.2.jar:/Users/niyomubyeyialine/.m2/repository/org/apache/httpcomponents/core5/httpcore5-h2/5.2/httpcore5-h2-5.2.jar:/Users/niyomubyeyialine/.m2/repository/org/mockito/mockito-core/5.12.0/mockito-core-5.12.0.jar:/Users/niyomubyeyialine/.m2/repository/net/bytebuddy/byte-buddy/1.14.15/byte-buddy-1.14.15.jar:/Users/niyomubyeyialine/.m2/repository/net/bytebuddy/byte-buddy-agent/1.14.15/byte-buddy-agent-1.14.15.jar:/Users/niyomubyeyialine/.m2/repository/org/objenesis/objenesis/3.3/objenesis-3.3.jar:/Users/niyomubyeyialine/.m2/repository/org/mockito/mockito-junit-jupiter/5.12.0/mockito-junit-jupiter-5.12.0.jar:"/>
    <property name="sun.cpu.endian" value="little"/>
    <property name="user.home" value="/Users/niyomubyeyialine"/>
    <property name="user.language" value="en"/>
    <property name="java.specification.vendor" value="Oracle Corporation"/>
    <property name="java.version.date" value="2024-04-16"/>
    <property name="java.home" value="/opt/homebrew/Cellar/openjdk/21.0.3/libexec/openjdk.jdk/Contents/Home"/>
    <property name="file.separator" value="/"/>
    <property name="basedir" value="/Users/niyomubyeyialine/Documents/Development/Automation/Automation-Projects/Automation-JAV-OrangeHRM-Aline"/>
    <property name="java.vm.compressedOopsMode" value="Zero based"/>
    <property name="line.separator" value="&#10;"/>
    <property name="java.vm.specification.vendor" value="Oracle Corporation"/>
    <property name="java.specification.name" value="Java Platform API Specification"/>
    <property name="apple.awt.application.name" value="ForkedBooter"/>
    <property name="surefire.real.class.path" value="/Users/niyomubyeyialine/Documents/Development/Automation/Automation-Projects/Automation-JAV-OrangeHRM-Aline/target/surefire/surefirebooter-20240721120603223_3.jar"/>
    <property name="sun.management.compiler" value="HotSpot 64-Bit Tiered Compilers"/>
    <property name="ftp.nonProxyHosts" value="local|*.local|169.254/16|*.169.254/16"/>
    <property name="java.runtime.version" value="21.0.3"/>
    <property name="user.name" value="niyomubyeyialine"/>
    <property name="stdout.encoding" value="UTF-8"/>
    <property name="path.separator" value=":"/>
    <property name="os.version" value="14.5"/>
    <property name="java.runtime.name" value="OpenJDK Runtime Environment"/>
    <property name="file.encoding" value="UTF-8"/>
    <property name="java.vm.name" value="OpenJDK 64-Bit Server VM"/>
    <property name="java.vendor.version" value="Homebrew"/>
    <property name="localRepository" value="/Users/niyomubyeyialine/.m2/repository"/>
    <property name="java.vendor.url.bug" value="https://github.com/Homebrew/homebrew-core/issues"/>
    <property name="java.io.tmpdir" value="/var/folders/lp/k165811579l39m_rpf8c47080000gn/T/"/>
    <property name="java.version" value="21.0.3"/>
    <property name="user.dir" value="/Users/niyomubyeyialine/Documents/Development/Automation/Automation-Projects/Automation-JAV-OrangeHRM-Aline"/>
    <property name="os.arch" value="aarch64"/>
    <property name="java.vm.specification.name" value="Java Virtual Machine Specification"/>
    <property name="native.encoding" value="UTF-8"/>
    <property name="java.library.path" value="/Users/niyomubyeyialine/Library/Java/Extensions:/Library/Java/Extensions:/Network/Library/Java/Extensions:/System/Library/Java/Extensions:/usr/lib/java:."/>
    <property name="java.vm.info" value="mixed mode, sharing"/>
    <property name="stderr.encoding" value="UTF-8"/>
    <property name="java.vendor" value="Homebrew"/>
    <property name="java.vm.version" value="21.0.3"/>
    <property name="sun.io.unicode.encoding" value="UnicodeBig"/>
    <property name="socksNonProxyHosts" value="local|*.local|169.254/16|*.169.254/16"/>
    <property name="java.class.version" value="65.0"/>
  </properties>
  <testcase name="tc_orange_authentication_login_fail" classname="TS_OrangeHRM_Authentication_JUnit" time="8.037">
    <failure message="[Fail] - PO_Login - Validated locator: &apos;//p[@class=&apos;oxd-text oxd-text--p oxd-alert-content-text&apos;]&apos; does not exist." type="org.opentest4j.AssertionFailedError"><![CDATA[org.opentest4j.AssertionFailedError: [Fail] - PO_Login - Validated locator: '//p[@class='oxd-text oxd-text--p oxd-alert-content-text']' does not exist.
	at TS_OrangeHRM_Authentication_JUnit.tc_orange_authentication_login_fail(TS_OrangeHRM_Authentication_JUnit.java:153)
]]></failure>
    <system-out><![CDATA[
&amp#27;[38;2;255;165;0m================================================================================&amp#27;[0m
&amp#27;[38;2;255;165;0mTest Suite: TS_OrangeHRM_Authentication_JUnit - 07/21/2024 12:07:05 PM - Begin&amp#27;[0m
&amp#27;[38;2;255;165;0mConfig Version: 1.6 - POM Version: 1.16 - Framework Version: 3.0.1&amp#27;[0m
&amp#27;[38;2;255;165;0m--------------------------------------------------------------------------------&amp#27;[0m

&amp#27;[0;90m- - - - - Synchronizing Browser and WebDriver - - - - - Begin
12:07:05.508 [main] DEBUG io.github.bonigarcia.wdm.WebDriverManager -- Using WebDriverManager 5.9.1
12:07:05.515 [main] DEBUG io.github.bonigarcia.wdm.cache.ResolutionCache -- Resolution chrome=126 in cache (valid until 13:06:06 21/07/2024 CAT)
12:07:05.515 [main] DEBUG io.github.bonigarcia.wdm.cache.ResolutionCache -- Resolution chrome126=126.0.6478.182 in cache (valid until 12:06:06 22/07/2024 CAT)
12:07:05.515 [main] INFO io.github.bonigarcia.wdm.WebDriverManager -- Using chromedriver 126.0.6478.182 (resolved driver for Chrome 126)
12:07:05.518 [main] DEBUG io.github.bonigarcia.wdm.WebDriverManager -- Driver chromedriver 126.0.6478.182 found in cache
12:07:05.518 [main] INFO io.github.bonigarcia.wdm.WebDriverManager -- Exporting webdriver.chrome.driver as /Users/niyomubyeyialine/.cache/selenium/chromedriver/mac-arm64/126.0.6478.182/chromedriver
&amp#27;[0;90m- - - - - Synchronizing Browser and WebDriver - - - - - End&amp#27;[0m

&amp#27;[0;34m - - - - Test Case: repetition 1 of 1 - 07/21/2024 12:07:10 PM - Begin - - -&amp#27;[0m
&amp#27;[38;2;0;128;1m[Pass] - Navigated to URL: 'https://opensource-demo.orangehrmlive.com/web/index.php/auth/login'.&amp#27;[0m
&amp#27;[38;2;0;128;1m[Pass] - PO_Login - Validated locator: '//div[@class='orangehrm-login-branding']//img[@src='/web/images/ohrm_branding.png?v=1711595107870']' exists.&amp#27;[0m
&amp#27;[38;2;0;128;1m[Pass] - PO_Login - Clicked locator: '//input[@placeholder='Username']'.&amp#27;[0m
&amp#27;[38;2;0;128;1m[Pass] - Successfully entered 'Admin' into locator: '//input[@placeholder='Username']'.&amp#27;[0m
&amp#27;[38;2;0;128;1m[Pass] - PO_Login - Clicked locator: '//input[@placeholder='Password']'.&amp#27;[0m
&amp#27;[38;2;0;128;1m[Pass] - Successfully entered 'admin' into locator: '//input[@placeholder='Password']'.&amp#27;[0m
&amp#27;[38;2;0;128;1m[Pass] - PO_Login - Clicked locator: '//button[@type='submit']'.&amp#27;[0m
&amp#27;[38;2;255;0;0m[Fail] - PO_Login - Validated locator: '//p[@class='oxd-text oxd-text--p oxd-alert-content-text']' does not exist.&amp#27;[0m
&amp#27;[38;5;94m[Screenshot] - Fail_1721556438419.png&amp#27;[0m
]]></system-out>
  </testcase>
  <testcase name="tc_orange_authentication_logout" classname="TS_OrangeHRM_Authentication_JUnit" time="12.868">
    <system-out><![CDATA[
&amp#27;[0;34m - - - - Test Case: repetition 1 of 1 - 07/21/2024 12:07:23 PM - Begin - - -&amp#27;[0m
&amp#27;[38;2;0;128;1m[Pass] - Navigated to URL: 'https://opensource-demo.orangehrmlive.com/web/index.php/auth/login'.&amp#27;[0m
&amp#27;[38;2;0;128;1m[Pass] - PO_Login - Validated locator: '//div[@class='orangehrm-login-branding']//img[@src='/web/images/ohrm_branding.png?v=1711595107870']' exists.&amp#27;[0m
&amp#27;[38;2;0;128;1m[Pass] - PO_Login - Clicked locator: '//input[@placeholder='Username']'.&amp#27;[0m
&amp#27;[38;2;0;128;1m[Pass] - Successfully entered 'Admin' into locator: '//input[@placeholder='Username']'.&amp#27;[0m
&amp#27;[38;2;0;128;1m[Pass] - PO_Login - Clicked locator: '//input[@placeholder='Password']'.&amp#27;[0m
&amp#27;[38;2;0;128;1m[Pass] - Successfully entered 'admin123' into locator: '//input[@placeholder='Password']'.&amp#27;[0m
&amp#27;[38;2;0;128;1m[Pass] - PO_Login - Clicked locator: '//button[@type='submit']'.&amp#27;[0m
&amp#27;[38;2;0;128;1m[Pass] - PO_Home - Validated locator: '//div[@class='oxd-sidepanel-header']//a[@class='oxd-brand']' exists.&amp#27;[0m
&amp#27;[38;2;0;128;1m[Pass] - PO_Logout - Clicked locator: '//i[@class='oxd-icon bi-caret-down-fill oxd-userdropdown-icon']'.&amp#27;[0m
&amp#27;[38;2;0;128;1m[Pass] - PO_Logout - Validated locator: '//a[contains(text(),'Logout')]' exists.&amp#27;[0m
&amp#27;[38;2;0;128;1m[Pass] - PO_Logout - Clicked locator: '//a[@href='/web/index.php/auth/logout']'.&amp#27;[0m
&amp#27;[38;2;0;128;1m[Pass] - PO_Login - Validated locator: '//div[@class='orangehrm-login-branding']//img[@src='/web/images/ohrm_branding.png?v=1711595107870']' exists.&amp#27;[0m
&amp#27;[38;5;94m[Screenshot] - 4th screenshot for Login _1721556456301.png&amp#27;[0m
]]></system-out>
  </testcase>
  <testcase name="tc_orange_authentication_login" classname="TS_OrangeHRM_Authentication_JUnit" time="7.198">
    <system-out><![CDATA[
&amp#27;[0;34m - - - - Test Case: repetition 1 of 1 - 07/21/2024 12:07:41 PM - Begin - - -&amp#27;[0m
&amp#27;[38;2;0;128;1m[Pass] - Navigated to URL: 'https://opensource-demo.orangehrmlive.com/web/index.php/auth/login'.&amp#27;[0m
&amp#27;[38;2;0;128;1m[Pass] - PO_Login - Validated locator: '//div[@class='orangehrm-login-branding']//img[@src='/web/images/ohrm_branding.png?v=1711595107870']' exists.&amp#27;[0m
&amp#27;[38;2;0;128;1m[Pass] - PO_Login - Clicked locator: '//input[@placeholder='Username']'.&amp#27;[0m
&amp#27;[38;2;0;128;1m[Pass] - Successfully entered 'Admin' into locator: '//input[@placeholder='Username']'.&amp#27;[0m
&amp#27;[38;2;0;128;1m[Pass] - PO_Login - Clicked locator: '//input[@placeholder='Password']'.&amp#27;[0m
&amp#27;[38;2;0;128;1m[Pass] - Successfully entered 'admin123' into locator: '//input[@placeholder='Password']'.&amp#27;[0m
&amp#27;[38;2;0;128;1m[Pass] - PO_Login - Clicked locator: '//button[@type='submit']'.&amp#27;[0m
&amp#27;[38;2;0;128;1m[Pass] - PO_Home - Validated locator: '//div[@class='oxd-sidepanel-header']//a[@class='oxd-brand']' exists.&amp#27;[0m
&amp#27;[38;5;94m[Screenshot] - 1st screenshot for Login _1721556468447.png&amp#27;[0m
]]></system-out>
  </testcase>
  <testcase name="tc_orange_authentication_login_password_reset" classname="TS_OrangeHRM_Authentication_JUnit" time="10.401">
    <system-out><![CDATA[
&amp#27;[0;34m - - - - Test Case: repetition 1 of 1 - 07/21/2024 12:07:53 PM - Begin - - -&amp#27;[0m
&amp#27;[38;2;0;128;1m[Pass] - Navigated to URL: 'https://opensource-demo.orangehrmlive.com/web/index.php/auth/login'.&amp#27;[0m
&amp#27;[38;2;0;128;1m[Pass] - PO_Login - Validated locator: '//div[@class='orangehrm-login-branding']//img[@src='/web/images/ohrm_branding.png?v=1711595107870']' exists.&amp#27;[0m
&amp#27;[38;2;0;128;1m[Pass] - PO_Login - Clicked locator: '//p[@class='oxd-text oxd-text--p orangehrm-login-forgot-header']'.&amp#27;[0m
&amp#27;[38;2;0;128;1m[Pass] - PO_Reset_Pwd - Validated locator: '//h6[@class='oxd-text oxd-text--h6 orangehrm-forgot-password-title']' exists.&amp#27;[0m
&amp#27;[38;2;0;128;1m[Pass] - PO_Reset_Pwd - Clicked locator: '//input[@name='username']'.&amp#27;[0m
&amp#27;[38;2;0;128;1m[Pass] - Successfully entered 'Admin' into locator: '//input[@name='username']'.&amp#27;[0m
&amp#27;[38;2;0;128;1m[Pass] - PO_Reset_Pwd - Clicked locator: '//button[@class='oxd-button oxd-button--large oxd-button--secondary orangehrm-forgot-password-button orangehrm-forgot-password-button--reset']'.&amp#27;[0m
&amp#27;[38;2;0;128;1m[Pass] - PO_Reset_Pwd - Validated locator: '//h6[@class='oxd-text oxd-text--h6 orangehrm-forgot-password-title']' exists.&amp#27;[0m
&amp#27;[38;5;94m[Screenshot] - 3rd screenshot for Login _1721556483927.png&amp#27;[0m
]]></system-out>
  </testcase>
</testsuite>